<html>
<head>
<title>TestNG:  BankingApp Test</title>
<link href="../testng.css" rel="stylesheet" type="text/css" />
<link href="../my-testng.css" rel="stylesheet" type="text/css" />

<style type="text/css">
.log { display: none;} 
.stack-trace { display: none;} 
</style>
<script type="text/javascript">
<!--
function flip(e) {
  current = e.style.display;
  if (current == 'block') {
    e.style.display = 'none';
    return 0;
  }
  else {
    e.style.display = 'block';
    return 1;
  }
}

function toggleBox(szDivId, elem, msg1, msg2)
{
  var res = -1;  if (document.getElementById) {
    res = flip(document.getElementById(szDivId));
  }
  else if (document.all) {
    // this is the way old msie versions work
    res = flip(document.all[szDivId]);
  }
  if(elem) {
    if(res == 0) elem.innerHTML = msg1; else elem.innerHTML = msg2;
  }

}

function toggleAllBoxes() {
  if (document.getElementsByTagName) {
    d = document.getElementsByTagName('div');
    for (i = 0; i < d.length; i++) {
      if (d[i].className == 'log') {
        flip(d[i]);
      }
    }
  }
}

// -->
</script>

</head>
<body>
<h2 align='center'>BankingApp Test</h2><table border='1' align="center">
<tr>
<td>Tests passed/Failed/Skipped:</td><td>1/0/1</td>
</tr><tr>
<td>Started on:</td><td>Fri Nov 27 15:05:49 IST 2020</td>
</tr>
<tr><td>Total time:</td><td>681 seconds (681824 ms)</td>
</tr><tr>
<td>Included groups:</td><td></td>
</tr><tr>
<td>Excluded groups:</td><td></td>
</tr>
</table><p/>
<small><i>(Hover the method name to see the test class name)</i></small><p/>
<table width='100%' border='1' class='invocation-failed'>
<tr><td colspan='4' align='center'><b>FAILED CONFIGURATIONS</b></td></tr>
<tr><td><b>Test method</b></td>
<td width="30%"><b>Exception</b></td>
<td width="10%"><b>Time (seconds)</b></td>
<td><b>Instance</b></td>
</tr>
<tr>
<td title='com.inetbanking.Testcases.TC_Login_001.setup()'><b>setup</b><br>Test class: com.inetbanking.Testcases.TC_Login_001<br>Parameters: chrome</td>
<td><div><pre>org.openqa.selenium.SessionNotCreatedException: session not created
from timeout: Timed out receiving message from renderer: 600.000
  (Session info: chrome=87.0.4280.66)
Build info: version: &apos;3.141.59&apos;, revision: &apos;e82be7d358&apos;, time: &apos;2018-11-14T08:17:03&apos;
System info: host: &apos;DESKTOP-IM6IJUR&apos;, ip: &apos;192.168.1.103&apos;, os.name: &apos;Windows 10&apos;, os.arch: &apos;amd64&apos;, os.version: &apos;10.0&apos;, java.version: &apos;11.0.9&apos;
Driver info: driver.version: ChromeDriver
remote stacktrace: Backtrace:
	Ordinal0 [0x012FECE3+3337443]
	Ordinal0 [0x011DF041+2158657]
	Ordinal0 [0x01066FA8+618408]
	Ordinal0 [0x0105AE8F+568975]
	Ordinal0 [0x0105A131+565553]
	Ordinal0 [0x0105A525+566565]
	Ordinal0 [0x01059E45+564805]
	Ordinal0 [0x010635C1+603585]
	Ordinal0 [0x01059E01+564737]
	Ordinal0 [0x0105ABB2+568242]
	Ordinal0 [0x0105A131+565553]
	Ordinal0 [0x0105A525+566565]
	Ordinal0 [0x01059E45+564805]
	Ordinal0 [0x01061A3C+596540]
	Ordinal0 [0x01059E01+564737]
	Ordinal0 [0x0105ABB2+568242]
	Ordinal0 [0x0105A131+565553]
	Ordinal0 [0x0105A525+566565]
	Ordinal0 [0x01059E45+564805]
	Ordinal0 [0x0105FB72+588658]
	Ordinal0 [0x01059E01+564737]
	Ordinal0 [0x0105ABB2+568242]
	Ordinal0 [0x0105A131+565553]
	Ordinal0 [0x0105A525+566565]
	Ordinal0 [0x01059E45+564805]
	Ordinal0 [0x0105ED85+585093]
	Ordinal0 [0x01059E01+564737]
	Ordinal0 [0x0105ABB2+568242]
	Ordinal0 [0x0105A131+565553]
	Ordinal0 [0x0105A525+566565]
	Ordinal0 [0x01059E45+564805]
	Ordinal0 [0x01056486+550022]
	Ordinal0 [0x01059E01+564737]
	Ordinal0 [0x01059C23+564259]
	Ordinal0 [0x01059A17+563735]
	Ordinal0 [0x01067FD0+622544]
	Ordinal0 [0x01006B2D+224045]
	Ordinal0 [0x01005BFC+220156]
	Ordinal0 [0x0100181B+202779]
	Ordinal0 [0x00FE3D74+81268]
	Ordinal0 [0x00FE4D6E+85358]
	Ordinal0 [0x00FE4CF9+85241]
	Ordinal0 [0x011F6F2C+2256684]
	GetHandleVerifier [0x01482FAC+1478332]
	GetHandleVerifier [0x01482AFD+1477133]
	GetHandleVerifier [0x0148AAD8+1509864]
	GetHandleVerifier [0x0148369E+1480110]
	Ordinal0 [0x011ED6BD+2217661]
	Ordinal0 [0x011F89AB+2263467]
	Ordinal0 [0x011F8AEF+2263791]
	Ordinal0 [0x0120D363+2347875]
	BaseThreadInitThunk [0x77B26359+25]
	RtlGetAppContainerNamedObjectPath [0x77CC8944+228]
	RtlGetAppContainerNamedObjectPath [0x77CC8914+180]

	at org.openqa.selenium.remote.W3CHandshakeResponse.lambda$errorHandler$0(W3CHandshakeResponse.java:62)
	at org.openqa.selenium.remote.HandshakeResponse.lambda$getResponseFunction$0(HandshakeResponse.java:30)
	at org.openqa.selenium.remote.ProtocolHandshake.lambda$createSession$0(ProtocolHandshake.java:126)
	at java.base/java.util.stream.ReferencePipeline$3$1.accept(ReferencePipeline.java:195)
	at java.base/java.util.Spliterators$ArraySpliterator.tryAdvance(Spliterators.java:958)
	at java.base/java.util.stream.ReferencePipeline.forEachWithCancel(ReferencePipeline.java:127)
	at java.base/java.util.stream.AbstractPipeline.copyIntoWithCancel(AbstractPipeline.java:502)
	at java.base/java.util.stream.AbstractPipeline.copyInto(AbstractPipeline.java:488)
	at java.base/java.util.stream.AbstractPipeline.wrapAndCopyInto(AbstractPipeline.java:474)
	at java.base/java.util.stream.FindOps$FindOp.evaluateSequential(FindOps.java:150)
	at java.base/java.util.stream.AbstractPipeline.evaluate(AbstractPipeline.java:234)
	at java.base/java.util.stream.ReferencePipeline.findFirst(ReferencePipeline.java:543)
	at org.openqa.selenium.remote.ProtocolHandshake.createSession(ProtocolHandshake.java:128)
	at org.openqa.selenium.remote.ProtocolHandshake.createSession(ProtocolHandshake.java:74)
	at org.openqa.selenium.remote.HttpCommandExecutor.execute(HttpCommandExecutor.java:136)
	at org.openqa.selenium.remote.service.DriverCommandExecutor.execute(DriverCommandExecutor.java:83)
	at org.openqa.selenium.remote.RemoteWebDriver.execute(RemoteWebDriver.java:552)
	at org.openqa.selenium.remote.RemoteWebDriver.startSession(RemoteWebDriver.java:213)
	at org.openqa.selenium.remote.RemoteWebDriver.&lt;init&gt;(RemoteWebDriver.java:131)
	at org.openqa.selenium.chrome.ChromeDriver.&lt;init&gt;(ChromeDriver.java:181)
	at org.openqa.selenium.chrome.ChromeDriver.&lt;init&gt;(ChromeDriver.java:168)
	at org.openqa.selenium.chrome.ChromeDriver.&lt;init&gt;(ChromeDriver.java:123)
	at com.inetbanking.Testcases.BaseClass.setup(BaseClass.java:40)
	at java.base/java.util.ArrayList.forEach(ArrayList.java:1541)
... Removed 32 stack frames</pre></div><a href='#' onClick='toggleBox("stack-trace2114537280", this, "Click to show all stack frames", "Click to hide stack frames")'>Click to show all stack frames</a>
<div class='stack-trace' id='stack-trace2114537280'><pre>org.openqa.selenium.SessionNotCreatedException: session not created
from timeout: Timed out receiving message from renderer: 600.000
  (Session info: chrome=87.0.4280.66)
Build info: version: &apos;3.141.59&apos;, revision: &apos;e82be7d358&apos;, time: &apos;2018-11-14T08:17:03&apos;
System info: host: &apos;DESKTOP-IM6IJUR&apos;, ip: &apos;192.168.1.103&apos;, os.name: &apos;Windows 10&apos;, os.arch: &apos;amd64&apos;, os.version: &apos;10.0&apos;, java.version: &apos;11.0.9&apos;
Driver info: driver.version: ChromeDriver
remote stacktrace: Backtrace:
	Ordinal0 [0x012FECE3+3337443]
	Ordinal0 [0x011DF041+2158657]
	Ordinal0 [0x01066FA8+618408]
	Ordinal0 [0x0105AE8F+568975]
	Ordinal0 [0x0105A131+565553]
	Ordinal0 [0x0105A525+566565]
	Ordinal0 [0x01059E45+564805]
	Ordinal0 [0x010635C1+603585]
	Ordinal0 [0x01059E01+564737]
	Ordinal0 [0x0105ABB2+568242]
	Ordinal0 [0x0105A131+565553]
	Ordinal0 [0x0105A525+566565]
	Ordinal0 [0x01059E45+564805]
	Ordinal0 [0x01061A3C+596540]
	Ordinal0 [0x01059E01+564737]
	Ordinal0 [0x0105ABB2+568242]
	Ordinal0 [0x0105A131+565553]
	Ordinal0 [0x0105A525+566565]
	Ordinal0 [0x01059E45+564805]
	Ordinal0 [0x0105FB72+588658]
	Ordinal0 [0x01059E01+564737]
	Ordinal0 [0x0105ABB2+568242]
	Ordinal0 [0x0105A131+565553]
	Ordinal0 [0x0105A525+566565]
	Ordinal0 [0x01059E45+564805]
	Ordinal0 [0x0105ED85+585093]
	Ordinal0 [0x01059E01+564737]
	Ordinal0 [0x0105ABB2+568242]
	Ordinal0 [0x0105A131+565553]
	Ordinal0 [0x0105A525+566565]
	Ordinal0 [0x01059E45+564805]
	Ordinal0 [0x01056486+550022]
	Ordinal0 [0x01059E01+564737]
	Ordinal0 [0x01059C23+564259]
	Ordinal0 [0x01059A17+563735]
	Ordinal0 [0x01067FD0+622544]
	Ordinal0 [0x01006B2D+224045]
	Ordinal0 [0x01005BFC+220156]
	Ordinal0 [0x0100181B+202779]
	Ordinal0 [0x00FE3D74+81268]
	Ordinal0 [0x00FE4D6E+85358]
	Ordinal0 [0x00FE4CF9+85241]
	Ordinal0 [0x011F6F2C+2256684]
	GetHandleVerifier [0x01482FAC+1478332]
	GetHandleVerifier [0x01482AFD+1477133]
	GetHandleVerifier [0x0148AAD8+1509864]
	GetHandleVerifier [0x0148369E+1480110]
	Ordinal0 [0x011ED6BD+2217661]
	Ordinal0 [0x011F89AB+2263467]
	Ordinal0 [0x011F8AEF+2263791]
	Ordinal0 [0x0120D363+2347875]
	BaseThreadInitThunk [0x77B26359+25]
	RtlGetAppContainerNamedObjectPath [0x77CC8944+228]
	RtlGetAppContainerNamedObjectPath [0x77CC8914+180]

	at java.base/jdk.internal.reflect.NativeConstructorAccessorImpl.newInstance0(Native Method)
	at java.base/jdk.internal.reflect.NativeConstructorAccessorImpl.newInstance(NativeConstructorAccessorImpl.java:62)
	at java.base/jdk.internal.reflect.DelegatingConstructorAccessorImpl.newInstance(DelegatingConstructorAccessorImpl.java:45)
	at java.base/java.lang.reflect.Constructor.newInstance(Constructor.java:490)
	at org.openqa.selenium.remote.W3CHandshakeResponse.lambda$errorHandler$0(W3CHandshakeResponse.java:62)
	at org.openqa.selenium.remote.HandshakeResponse.lambda$getResponseFunction$0(HandshakeResponse.java:30)
	at org.openqa.selenium.remote.ProtocolHandshake.lambda$createSession$0(ProtocolHandshake.java:126)
	at java.base/java.util.stream.ReferencePipeline$3$1.accept(ReferencePipeline.java:195)
	at java.base/java.util.Spliterators$ArraySpliterator.tryAdvance(Spliterators.java:958)
	at java.base/java.util.stream.ReferencePipeline.forEachWithCancel(ReferencePipeline.java:127)
	at java.base/java.util.stream.AbstractPipeline.copyIntoWithCancel(AbstractPipeline.java:502)
	at java.base/java.util.stream.AbstractPipeline.copyInto(AbstractPipeline.java:488)
	at java.base/java.util.stream.AbstractPipeline.wrapAndCopyInto(AbstractPipeline.java:474)
	at java.base/java.util.stream.FindOps$FindOp.evaluateSequential(FindOps.java:150)
	at java.base/java.util.stream.AbstractPipeline.evaluate(AbstractPipeline.java:234)
	at java.base/java.util.stream.ReferencePipeline.findFirst(ReferencePipeline.java:543)
	at org.openqa.selenium.remote.ProtocolHandshake.createSession(ProtocolHandshake.java:128)
	at org.openqa.selenium.remote.ProtocolHandshake.createSession(ProtocolHandshake.java:74)
	at org.openqa.selenium.remote.HttpCommandExecutor.execute(HttpCommandExecutor.java:136)
	at org.openqa.selenium.remote.service.DriverCommandExecutor.execute(DriverCommandExecutor.java:83)
	at org.openqa.selenium.remote.RemoteWebDriver.execute(RemoteWebDriver.java:552)
	at org.openqa.selenium.remote.RemoteWebDriver.startSession(RemoteWebDriver.java:213)
	at org.openqa.selenium.remote.RemoteWebDriver.&lt;init&gt;(RemoteWebDriver.java:131)
	at org.openqa.selenium.chrome.ChromeDriver.&lt;init&gt;(ChromeDriver.java:181)
	at org.openqa.selenium.chrome.ChromeDriver.&lt;init&gt;(ChromeDriver.java:168)
	at org.openqa.selenium.chrome.ChromeDriver.&lt;init&gt;(ChromeDriver.java:123)
	at com.inetbanking.Testcases.BaseClass.setup(BaseClass.java:40)
	at java.base/jdk.internal.reflect.NativeMethodAccessorImpl.invoke0(Native Method)
	at java.base/jdk.internal.reflect.NativeMethodAccessorImpl.invoke(NativeMethodAccessorImpl.java:62)
	at java.base/jdk.internal.reflect.DelegatingMethodAccessorImpl.invoke(DelegatingMethodAccessorImpl.java:43)
	at java.base/java.lang.reflect.Method.invoke(Method.java:566)
	at org.testng.internal.MethodInvocationHelper.invokeMethod(MethodInvocationHelper.java:132)
	at org.testng.internal.MethodInvocationHelper.invokeMethodConsideringTimeout(MethodInvocationHelper.java:61)
	at org.testng.internal.ConfigInvoker.invokeConfigurationMethod(ConfigInvoker.java:366)
	at org.testng.internal.ConfigInvoker.invokeConfigurations(ConfigInvoker.java:320)
	at org.testng.internal.TestMethodWorker.invokeBeforeClassMethods(TestMethodWorker.java:176)
	at org.testng.internal.TestMethodWorker.run(TestMethodWorker.java:122)
	at java.base/java.util.ArrayList.forEach(ArrayList.java:1541)
	at org.testng.TestRunner.privateRun(TestRunner.java:764)
	at org.testng.TestRunner.run(TestRunner.java:585)
	at org.testng.SuiteRunner.runTest(SuiteRunner.java:384)
	at org.testng.SuiteRunner.runSequentially(SuiteRunner.java:378)
	at org.testng.SuiteRunner.privateRun(SuiteRunner.java:337)
	at org.testng.SuiteRunner.run(SuiteRunner.java:286)
	at org.testng.SuiteRunnerWorker.runSuite(SuiteRunnerWorker.java:53)
	at org.testng.SuiteRunnerWorker.run(SuiteRunnerWorker.java:96)
	at org.testng.TestNG.runSuitesSequentially(TestNG.java:1218)
	at org.testng.TestNG.runSuitesLocally(TestNG.java:1140)
	at org.testng.TestNG.runSuites(TestNG.java:1069)
	at org.testng.TestNG.run(TestNG.java:1037)
	at org.apache.maven.surefire.testng.TestNGExecutor.run(TestNGExecutor.java:295)
	at org.apache.maven.surefire.testng.TestNGXmlTestSuite.execute(TestNGXmlTestSuite.java:84)
	at org.apache.maven.surefire.testng.TestNGProvider.invoke(TestNGProvider.java:90)
	at org.apache.maven.surefire.booter.ForkedBooter.invokeProviderInSameClassLoader(ForkedBooter.java:203)
	at org.apache.maven.surefire.booter.ForkedBooter.runSuitesInProcess(ForkedBooter.java:155)
	at org.apache.maven.surefire.booter.ForkedBooter.main(ForkedBooter.java:103)
</pre></div></td>
<td>620</td>
<td>com.inetbanking.Testcases.TC_Login_001@4802796d</td></tr>
</table><p>
<table width='100%' border='1' class='invocation-skipped'>
<tr><td colspan='4' align='center'><b>SKIPPED CONFIGURATIONS</b></td></tr>
<tr><td><b>Test method</b></td>
<td width="30%"><b>Exception</b></td>
<td width="10%"><b>Time (seconds)</b></td>
<td><b>Instance</b></td>
</tr>
<tr>
<td title='com.inetbanking.Testcases.TC_Login_001.TearDown()'><b>TearDown</b><br>Test class: com.inetbanking.Testcases.TC_Login_001</td>
<td></td>
<td>-1606470370</td>
<td>com.inetbanking.Testcases.TC_Login_001@4802796d</td></tr>
</table><p>
<table width='100%' border='1' class='invocation-passed'>
<tr><td colspan='4' align='center'><b>PASSED TESTS</b></td></tr>
<tr><td><b>Test method</b></td>
<td width="30%"><b>Exception</b></td>
<td width="10%"><b>Time (seconds)</b></td>
<td><b>Instance</b></td>
</tr>
<tr>
<td title='com.inetbanking.Testcases.TC_AddNewCustomer_003.addNewCustomer()'><b>addNewCustomer</b><br>Test class: com.inetbanking.Testcases.TC_AddNewCustomer_003</td>
<td></td>
<td>32</td>
<td>com.inetbanking.Testcases.TC_AddNewCustomer_003@34123d65</td></tr>
</table><p>
<table width='100%' border='1' class='invocation-skipped'>
<tr><td colspan='4' align='center'><b>SKIPPED TESTS</b></td></tr>
<tr><td><b>Test method</b></td>
<td width="30%"><b>Exception</b></td>
<td width="10%"><b>Time (seconds)</b></td>
<td><b>Instance</b></td>
</tr>
<tr>
<td title='com.inetbanking.Testcases.TC_Login_001.loginTest()'><b>loginTest</b><br>Test class: com.inetbanking.Testcases.TC_Login_001</td>
<td><div><pre>org.openqa.selenium.SessionNotCreatedException: session not created
from timeout: Timed out receiving message from renderer: 600.000
  (Session info: chrome=87.0.4280.66)
Build info: version: &apos;3.141.59&apos;, revision: &apos;e82be7d358&apos;, time: &apos;2018-11-14T08:17:03&apos;
System info: host: &apos;DESKTOP-IM6IJUR&apos;, ip: &apos;192.168.1.103&apos;, os.name: &apos;Windows 10&apos;, os.arch: &apos;amd64&apos;, os.version: &apos;10.0&apos;, java.version: &apos;11.0.9&apos;
Driver info: driver.version: ChromeDriver
remote stacktrace: Backtrace:
	Ordinal0 [0x012FECE3+3337443]
	Ordinal0 [0x011DF041+2158657]
	Ordinal0 [0x01066FA8+618408]
	Ordinal0 [0x0105AE8F+568975]
	Ordinal0 [0x0105A131+565553]
	Ordinal0 [0x0105A525+566565]
	Ordinal0 [0x01059E45+564805]
	Ordinal0 [0x010635C1+603585]
	Ordinal0 [0x01059E01+564737]
	Ordinal0 [0x0105ABB2+568242]
	Ordinal0 [0x0105A131+565553]
	Ordinal0 [0x0105A525+566565]
	Ordinal0 [0x01059E45+564805]
	Ordinal0 [0x01061A3C+596540]
	Ordinal0 [0x01059E01+564737]
	Ordinal0 [0x0105ABB2+568242]
	Ordinal0 [0x0105A131+565553]
	Ordinal0 [0x0105A525+566565]
	Ordinal0 [0x01059E45+564805]
	Ordinal0 [0x0105FB72+588658]
	Ordinal0 [0x01059E01+564737]
	Ordinal0 [0x0105ABB2+568242]
	Ordinal0 [0x0105A131+565553]
	Ordinal0 [0x0105A525+566565]
	Ordinal0 [0x01059E45+564805]
	Ordinal0 [0x0105ED85+585093]
	Ordinal0 [0x01059E01+564737]
	Ordinal0 [0x0105ABB2+568242]
	Ordinal0 [0x0105A131+565553]
	Ordinal0 [0x0105A525+566565]
	Ordinal0 [0x01059E45+564805]
	Ordinal0 [0x01056486+550022]
	Ordinal0 [0x01059E01+564737]
	Ordinal0 [0x01059C23+564259]
	Ordinal0 [0x01059A17+563735]
	Ordinal0 [0x01067FD0+622544]
	Ordinal0 [0x01006B2D+224045]
	Ordinal0 [0x01005BFC+220156]
	Ordinal0 [0x0100181B+202779]
	Ordinal0 [0x00FE3D74+81268]
	Ordinal0 [0x00FE4D6E+85358]
	Ordinal0 [0x00FE4CF9+85241]
	Ordinal0 [0x011F6F2C+2256684]
	GetHandleVerifier [0x01482FAC+1478332]
	GetHandleVerifier [0x01482AFD+1477133]
	GetHandleVerifier [0x0148AAD8+1509864]
	GetHandleVerifier [0x0148369E+1480110]
	Ordinal0 [0x011ED6BD+2217661]
	Ordinal0 [0x011F89AB+2263467]
	Ordinal0 [0x011F8AEF+2263791]
	Ordinal0 [0x0120D363+2347875]
	BaseThreadInitThunk [0x77B26359+25]
	RtlGetAppContainerNamedObjectPath [0x77CC8944+228]
	RtlGetAppContainerNamedObjectPath [0x77CC8914+180]

	at org.openqa.selenium.remote.W3CHandshakeResponse.lambda$errorHandler$0(W3CHandshakeResponse.java:62)
	at org.openqa.selenium.remote.HandshakeResponse.lambda$getResponseFunction$0(HandshakeResponse.java:30)
	at org.openqa.selenium.remote.ProtocolHandshake.lambda$createSession$0(ProtocolHandshake.java:126)
	at java.base/java.util.stream.ReferencePipeline$3$1.accept(ReferencePipeline.java:195)
	at java.base/java.util.Spliterators$ArraySpliterator.tryAdvance(Spliterators.java:958)
	at java.base/java.util.stream.ReferencePipeline.forEachWithCancel(ReferencePipeline.java:127)
	at java.base/java.util.stream.AbstractPipeline.copyIntoWithCancel(AbstractPipeline.java:502)
	at java.base/java.util.stream.AbstractPipeline.copyInto(AbstractPipeline.java:488)
	at java.base/java.util.stream.AbstractPipeline.wrapAndCopyInto(AbstractPipeline.java:474)
	at java.base/java.util.stream.FindOps$FindOp.evaluateSequential(FindOps.java:150)
	at java.base/java.util.stream.AbstractPipeline.evaluate(AbstractPipeline.java:234)
	at java.base/java.util.stream.ReferencePipeline.findFirst(ReferencePipeline.java:543)
	at org.openqa.selenium.remote.ProtocolHandshake.createSession(ProtocolHandshake.java:128)
	at org.openqa.selenium.remote.ProtocolHandshake.createSession(ProtocolHandshake.java:74)
	at org.openqa.selenium.remote.HttpCommandExecutor.execute(HttpCommandExecutor.java:136)
	at org.openqa.selenium.remote.service.DriverCommandExecutor.execute(DriverCommandExecutor.java:83)
	at org.openqa.selenium.remote.RemoteWebDriver.execute(RemoteWebDriver.java:552)
	at org.openqa.selenium.remote.RemoteWebDriver.startSession(RemoteWebDriver.java:213)
	at org.openqa.selenium.remote.RemoteWebDriver.&lt;init&gt;(RemoteWebDriver.java:131)
	at org.openqa.selenium.chrome.ChromeDriver.&lt;init&gt;(ChromeDriver.java:181)
	at org.openqa.selenium.chrome.ChromeDriver.&lt;init&gt;(ChromeDriver.java:168)
	at org.openqa.selenium.chrome.ChromeDriver.&lt;init&gt;(ChromeDriver.java:123)
	at com.inetbanking.Testcases.BaseClass.setup(BaseClass.java:40)
	at java.base/java.util.ArrayList.forEach(ArrayList.java:1541)
... Removed 32 stack frames</pre></div><a href='#' onClick='toggleBox("stack-trace773348567", this, "Click to show all stack frames", "Click to hide stack frames")'>Click to show all stack frames</a>
<div class='stack-trace' id='stack-trace773348567'><pre>org.openqa.selenium.SessionNotCreatedException: session not created
from timeout: Timed out receiving message from renderer: 600.000
  (Session info: chrome=87.0.4280.66)
Build info: version: &apos;3.141.59&apos;, revision: &apos;e82be7d358&apos;, time: &apos;2018-11-14T08:17:03&apos;
System info: host: &apos;DESKTOP-IM6IJUR&apos;, ip: &apos;192.168.1.103&apos;, os.name: &apos;Windows 10&apos;, os.arch: &apos;amd64&apos;, os.version: &apos;10.0&apos;, java.version: &apos;11.0.9&apos;
Driver info: driver.version: ChromeDriver
remote stacktrace: Backtrace:
	Ordinal0 [0x012FECE3+3337443]
	Ordinal0 [0x011DF041+2158657]
	Ordinal0 [0x01066FA8+618408]
	Ordinal0 [0x0105AE8F+568975]
	Ordinal0 [0x0105A131+565553]
	Ordinal0 [0x0105A525+566565]
	Ordinal0 [0x01059E45+564805]
	Ordinal0 [0x010635C1+603585]
	Ordinal0 [0x01059E01+564737]
	Ordinal0 [0x0105ABB2+568242]
	Ordinal0 [0x0105A131+565553]
	Ordinal0 [0x0105A525+566565]
	Ordinal0 [0x01059E45+564805]
	Ordinal0 [0x01061A3C+596540]
	Ordinal0 [0x01059E01+564737]
	Ordinal0 [0x0105ABB2+568242]
	Ordinal0 [0x0105A131+565553]
	Ordinal0 [0x0105A525+566565]
	Ordinal0 [0x01059E45+564805]
	Ordinal0 [0x0105FB72+588658]
	Ordinal0 [0x01059E01+564737]
	Ordinal0 [0x0105ABB2+568242]
	Ordinal0 [0x0105A131+565553]
	Ordinal0 [0x0105A525+566565]
	Ordinal0 [0x01059E45+564805]
	Ordinal0 [0x0105ED85+585093]
	Ordinal0 [0x01059E01+564737]
	Ordinal0 [0x0105ABB2+568242]
	Ordinal0 [0x0105A131+565553]
	Ordinal0 [0x0105A525+566565]
	Ordinal0 [0x01059E45+564805]
	Ordinal0 [0x01056486+550022]
	Ordinal0 [0x01059E01+564737]
	Ordinal0 [0x01059C23+564259]
	Ordinal0 [0x01059A17+563735]
	Ordinal0 [0x01067FD0+622544]
	Ordinal0 [0x01006B2D+224045]
	Ordinal0 [0x01005BFC+220156]
	Ordinal0 [0x0100181B+202779]
	Ordinal0 [0x00FE3D74+81268]
	Ordinal0 [0x00FE4D6E+85358]
	Ordinal0 [0x00FE4CF9+85241]
	Ordinal0 [0x011F6F2C+2256684]
	GetHandleVerifier [0x01482FAC+1478332]
	GetHandleVerifier [0x01482AFD+1477133]
	GetHandleVerifier [0x0148AAD8+1509864]
	GetHandleVerifier [0x0148369E+1480110]
	Ordinal0 [0x011ED6BD+2217661]
	Ordinal0 [0x011F89AB+2263467]
	Ordinal0 [0x011F8AEF+2263791]
	Ordinal0 [0x0120D363+2347875]
	BaseThreadInitThunk [0x77B26359+25]
	RtlGetAppContainerNamedObjectPath [0x77CC8944+228]
	RtlGetAppContainerNamedObjectPath [0x77CC8914+180]

	at java.base/jdk.internal.reflect.NativeConstructorAccessorImpl.newInstance0(Native Method)
	at java.base/jdk.internal.reflect.NativeConstructorAccessorImpl.newInstance(NativeConstructorAccessorImpl.java:62)
	at java.base/jdk.internal.reflect.DelegatingConstructorAccessorImpl.newInstance(DelegatingConstructorAccessorImpl.java:45)
	at java.base/java.lang.reflect.Constructor.newInstance(Constructor.java:490)
	at org.openqa.selenium.remote.W3CHandshakeResponse.lambda$errorHandler$0(W3CHandshakeResponse.java:62)
	at org.openqa.selenium.remote.HandshakeResponse.lambda$getResponseFunction$0(HandshakeResponse.java:30)
	at org.openqa.selenium.remote.ProtocolHandshake.lambda$createSession$0(ProtocolHandshake.java:126)
	at java.base/java.util.stream.ReferencePipeline$3$1.accept(ReferencePipeline.java:195)
	at java.base/java.util.Spliterators$ArraySpliterator.tryAdvance(Spliterators.java:958)
	at java.base/java.util.stream.ReferencePipeline.forEachWithCancel(ReferencePipeline.java:127)
	at java.base/java.util.stream.AbstractPipeline.copyIntoWithCancel(AbstractPipeline.java:502)
	at java.base/java.util.stream.AbstractPipeline.copyInto(AbstractPipeline.java:488)
	at java.base/java.util.stream.AbstractPipeline.wrapAndCopyInto(AbstractPipeline.java:474)
	at java.base/java.util.stream.FindOps$FindOp.evaluateSequential(FindOps.java:150)
	at java.base/java.util.stream.AbstractPipeline.evaluate(AbstractPipeline.java:234)
	at java.base/java.util.stream.ReferencePipeline.findFirst(ReferencePipeline.java:543)
	at org.openqa.selenium.remote.ProtocolHandshake.createSession(ProtocolHandshake.java:128)
	at org.openqa.selenium.remote.ProtocolHandshake.createSession(ProtocolHandshake.java:74)
	at org.openqa.selenium.remote.HttpCommandExecutor.execute(HttpCommandExecutor.java:136)
	at org.openqa.selenium.remote.service.DriverCommandExecutor.execute(DriverCommandExecutor.java:83)
	at org.openqa.selenium.remote.RemoteWebDriver.execute(RemoteWebDriver.java:552)
	at org.openqa.selenium.remote.RemoteWebDriver.startSession(RemoteWebDriver.java:213)
	at org.openqa.selenium.remote.RemoteWebDriver.&lt;init&gt;(RemoteWebDriver.java:131)
	at org.openqa.selenium.chrome.ChromeDriver.&lt;init&gt;(ChromeDriver.java:181)
	at org.openqa.selenium.chrome.ChromeDriver.&lt;init&gt;(ChromeDriver.java:168)
	at org.openqa.selenium.chrome.ChromeDriver.&lt;init&gt;(ChromeDriver.java:123)
	at com.inetbanking.Testcases.BaseClass.setup(BaseClass.java:40)
	at java.base/jdk.internal.reflect.NativeMethodAccessorImpl.invoke0(Native Method)
	at java.base/jdk.internal.reflect.NativeMethodAccessorImpl.invoke(NativeMethodAccessorImpl.java:62)
	at java.base/jdk.internal.reflect.DelegatingMethodAccessorImpl.invoke(DelegatingMethodAccessorImpl.java:43)
	at java.base/java.lang.reflect.Method.invoke(Method.java:566)
	at org.testng.internal.MethodInvocationHelper.invokeMethod(MethodInvocationHelper.java:132)
	at org.testng.internal.MethodInvocationHelper.invokeMethodConsideringTimeout(MethodInvocationHelper.java:61)
	at org.testng.internal.ConfigInvoker.invokeConfigurationMethod(ConfigInvoker.java:366)
	at org.testng.internal.ConfigInvoker.invokeConfigurations(ConfigInvoker.java:320)
	at org.testng.internal.TestMethodWorker.invokeBeforeClassMethods(TestMethodWorker.java:176)
	at org.testng.internal.TestMethodWorker.run(TestMethodWorker.java:122)
	at java.base/java.util.ArrayList.forEach(ArrayList.java:1541)
	at org.testng.TestRunner.privateRun(TestRunner.java:764)
	at org.testng.TestRunner.run(TestRunner.java:585)
	at org.testng.SuiteRunner.runTest(SuiteRunner.java:384)
	at org.testng.SuiteRunner.runSequentially(SuiteRunner.java:378)
	at org.testng.SuiteRunner.privateRun(SuiteRunner.java:337)
	at org.testng.SuiteRunner.run(SuiteRunner.java:286)
	at org.testng.SuiteRunnerWorker.runSuite(SuiteRunnerWorker.java:53)
	at org.testng.SuiteRunnerWorker.run(SuiteRunnerWorker.java:96)
	at org.testng.TestNG.runSuitesSequentially(TestNG.java:1218)
	at org.testng.TestNG.runSuitesLocally(TestNG.java:1140)
	at org.testng.TestNG.runSuites(TestNG.java:1069)
	at org.testng.TestNG.run(TestNG.java:1037)
	at org.apache.maven.surefire.testng.TestNGExecutor.run(TestNGExecutor.java:295)
	at org.apache.maven.surefire.testng.TestNGXmlTestSuite.execute(TestNGXmlTestSuite.java:84)
	at org.apache.maven.surefire.testng.TestNGProvider.invoke(TestNGProvider.java:90)
	at org.apache.maven.surefire.booter.ForkedBooter.invokeProviderInSameClassLoader(ForkedBooter.java:203)
	at org.apache.maven.surefire.booter.ForkedBooter.runSuitesInProcess(ForkedBooter.java:155)
	at org.apache.maven.surefire.booter.ForkedBooter.main(ForkedBooter.java:103)
</pre></div></td>
<td>0</td>
<td>com.inetbanking.Testcases.TC_Login_001@4802796d</td></tr>
</table><p>
</body>
</html>