<?xml version="1.0" encoding="UTF-8"?>
<!-- Generated by org.testng.reporters.JUnitXMLReporter -->
<testsuite ignored="0" hostname="DESKTOP-IM6IJUR" failures="0" tests="2" name="BankingApp Test" time="681.824" errors="0" timestamp="2020-11-27T15:17:11 IST">
  <testcase classname="com.inetbanking.Testcases.BaseClass" name="@BeforeClass setup" time="620.022">
    <failure type="org.openqa.selenium.SessionNotCreatedException" message="session not created
from timeout: Timed out receiving message from renderer: 600.000
  (Session info: chrome=87.0.4280.66)
Build info: version: &amp;apos;3.141.59&amp;apos;, revision: &amp;apos;e82be7d358&amp;apos;, time: &amp;apos;2018-11-14T08:17:03&amp;apos;
System info: host: &amp;apos;DESKTOP-IM6IJUR&amp;apos;, ip: &amp;apos;192.168.1.103&amp;apos;, os.name: &amp;apos;Windows 10&amp;apos;, os.arch: &amp;apos;amd64&amp;apos;, os.version: &amp;apos;10.0&amp;apos;, java.version: &amp;apos;11.0.9&amp;apos;
Driver info: driver.version: ChromeDriver
remote stacktrace: Backtrace:
	Ordinal0 [0x012FECE3+3337443]
	Ordinal0 [0x011DF041+2158657]
	Ordinal0 [0x01066FA8+618408]
	Ordinal0 [0x0105AE8F+568975]
	Ordinal0 [0x0105A131+565553]
	Ordinal0 [0x0105A525+566565]
	Ordinal0 [0x01059E45+564805]
	Ordinal0 [0x010635C1+603585]
	Ordinal0 [0x01059E01+564737]
	Ordinal0 [0x0105ABB2+568242]
	Ordinal0 [0x0105A131+565553]
	Ordinal0 [0x0105A525+566565]
	Ordinal0 [0x01059E45+564805]
	Ordinal0 [0x01061A3C+596540]
	Ordinal0 [0x01059E01+564737]
	Ordinal0 [0x0105ABB2+568242]
	Ordinal0 [0x0105A131+565553]
	Ordinal0 [0x0105A525+566565]
	Ordinal0 [0x01059E45+564805]
	Ordinal0 [0x0105FB72+588658]
	Ordinal0 [0x01059E01+564737]
	Ordinal0 [0x0105ABB2+568242]
	Ordinal0 [0x0105A131+565553]
	Ordinal0 [0x0105A525+566565]
	Ordinal0 [0x01059E45+564805]
	Ordinal0 [0x0105ED85+585093]
	Ordinal0 [0x01059E01+564737]
	Ordinal0 [0x0105ABB2+568242]
	Ordinal0 [0x0105A131+565553]
	Ordinal0 [0x0105A525+566565]
	Ordinal0 [0x01059E45+564805]
	Ordinal0 [0x01056486+550022]
	Ordinal0 [0x01059E01+564737]
	Ordinal0 [0x01059C23+564259]
	Ordinal0 [0x01059A17+563735]
	Ordinal0 [0x01067FD0+622544]
	Ordinal0 [0x01006B2D+224045]
	Ordinal0 [0x01005BFC+220156]
	Ordinal0 [0x0100181B+202779]
	Ordinal0 [0x00FE3D74+81268]
	Ordinal0 [0x00FE4D6E+85358]
	Ordinal0 [0x00FE4CF9+85241]
	Ordinal0 [0x011F6F2C+2256684]
	GetHandleVerifier [0x01482FAC+1478332]
	GetHandleVerifier [0x01482AFD+1477133]
	GetHandleVerifier [0x0148AAD8+1509864]
	GetHandleVerifier [0x0148369E+1480110]
	Ordinal0 [0x011ED6BD+2217661]
	Ordinal0 [0x011F89AB+2263467]
	Ordinal0 [0x011F8AEF+2263791]
	Ordinal0 [0x0120D363+2347875]
	BaseThreadInitThunk [0x77B26359+25]
	RtlGetAppContainerNamedObjectPath [0x77CC8944+228]
	RtlGetAppContainerNamedObjectPath [0x77CC8914+180]
">
      <![CDATA[org.openqa.selenium.SessionNotCreatedException: session not created
from timeout: Timed out receiving message from renderer: 600.000
  (Session info: chrome=87.0.4280.66)
Build info: version: '3.141.59', revision: 'e82be7d358', time: '2018-11-14T08:17:03'
System info: host: 'DESKTOP-IM6IJUR', ip: '192.168.1.103', os.name: 'Windows 10', os.arch: 'amd64', os.version: '10.0', java.version: '11.0.9'
Driver info: driver.version: ChromeDriver
remote stacktrace: Backtrace:
Ordinal0 [0x012FECE3+3337443]
Ordinal0 [0x011DF041+2158657]
Ordinal0 [0x01066FA8+618408]
Ordinal0 [0x0105AE8F+568975]
Ordinal0 [0x0105A131+565553]
Ordinal0 [0x0105A525+566565]
Ordinal0 [0x01059E45+564805]
Ordinal0 [0x010635C1+603585]
Ordinal0 [0x01059E01+564737]
Ordinal0 [0x0105ABB2+568242]
Ordinal0 [0x0105A131+565553]
Ordinal0 [0x0105A525+566565]
Ordinal0 [0x01059E45+564805]
Ordinal0 [0x01061A3C+596540]
Ordinal0 [0x01059E01+564737]
Ordinal0 [0x0105ABB2+568242]
Ordinal0 [0x0105A131+565553]
Ordinal0 [0x0105A525+566565]
Ordinal0 [0x01059E45+564805]
Ordinal0 [0x0105FB72+588658]
Ordinal0 [0x01059E01+564737]
Ordinal0 [0x0105ABB2+568242]
Ordinal0 [0x0105A131+565553]
Ordinal0 [0x0105A525+566565]
Ordinal0 [0x01059E45+564805]
Ordinal0 [0x0105ED85+585093]
Ordinal0 [0x01059E01+564737]
Ordinal0 [0x0105ABB2+568242]
Ordinal0 [0x0105A131+565553]
Ordinal0 [0x0105A525+566565]
Ordinal0 [0x01059E45+564805]
Ordinal0 [0x01056486+550022]
Ordinal0 [0x01059E01+564737]
Ordinal0 [0x01059C23+564259]
Ordinal0 [0x01059A17+563735]
Ordinal0 [0x01067FD0+622544]
Ordinal0 [0x01006B2D+224045]
Ordinal0 [0x01005BFC+220156]
Ordinal0 [0x0100181B+202779]
Ordinal0 [0x00FE3D74+81268]
Ordinal0 [0x00FE4D6E+85358]
Ordinal0 [0x00FE4CF9+85241]
Ordinal0 [0x011F6F2C+2256684]
GetHandleVerifier [0x01482FAC+1478332]
GetHandleVerifier [0x01482AFD+1477133]
GetHandleVerifier [0x0148AAD8+1509864]
GetHandleVerifier [0x0148369E+1480110]
Ordinal0 [0x011ED6BD+2217661]
Ordinal0 [0x011F89AB+2263467]
Ordinal0 [0x011F8AEF+2263791]
Ordinal0 [0x0120D363+2347875]
BaseThreadInitThunk [0x77B26359+25]
RtlGetAppContainerNamedObjectPath [0x77CC8944+228]
RtlGetAppContainerNamedObjectPath [0x77CC8914+180]

at org.openqa.selenium.remote.W3CHandshakeResponse.lambda$errorHandler$0(W3CHandshakeResponse.java:62)
at org.openqa.selenium.remote.HandshakeResponse.lambda$getResponseFunction$0(HandshakeResponse.java:30)
at org.openqa.selenium.remote.ProtocolHandshake.lambda$createSession$0(ProtocolHandshake.java:126)
at java.base/java.util.stream.ReferencePipeline$3$1.accept(ReferencePipeline.java:195)
at java.base/java.util.Spliterators$ArraySpliterator.tryAdvance(Spliterators.java:958)
at java.base/java.util.stream.ReferencePipeline.forEachWithCancel(ReferencePipeline.java:127)
at java.base/java.util.stream.AbstractPipeline.copyIntoWithCancel(AbstractPipeline.java:502)
at java.base/java.util.stream.AbstractPipeline.copyInto(AbstractPipeline.java:488)
at java.base/java.util.stream.AbstractPipeline.wrapAndCopyInto(AbstractPipeline.java:474)
at java.base/java.util.stream.FindOps$FindOp.evaluateSequential(FindOps.java:150)
at java.base/java.util.stream.AbstractPipeline.evaluate(AbstractPipeline.java:234)
at java.base/java.util.stream.ReferencePipeline.findFirst(ReferencePipeline.java:543)
at org.openqa.selenium.remote.ProtocolHandshake.createSession(ProtocolHandshake.java:128)
at org.openqa.selenium.remote.ProtocolHandshake.createSession(ProtocolHandshake.java:74)
at org.openqa.selenium.remote.HttpCommandExecutor.execute(HttpCommandExecutor.java:136)
at org.openqa.selenium.remote.service.DriverCommandExecutor.execute(DriverCommandExecutor.java:83)
at org.openqa.selenium.remote.RemoteWebDriver.execute(RemoteWebDriver.java:552)
at org.openqa.selenium.remote.RemoteWebDriver.startSession(RemoteWebDriver.java:213)
at org.openqa.selenium.remote.RemoteWebDriver.<init>(RemoteWebDriver.java:131)
at org.openqa.selenium.chrome.ChromeDriver.<init>(ChromeDriver.java:181)
at org.openqa.selenium.chrome.ChromeDriver.<init>(ChromeDriver.java:168)
at org.openqa.selenium.chrome.ChromeDriver.<init>(ChromeDriver.java:123)
at com.inetbanking.Testcases.BaseClass.setup(BaseClass.java:40)
at java.base/java.util.ArrayList.forEach(ArrayList.java:1541)
... Removed 32 stack frames]]>
    </failure>
  </testcase> <!-- @BeforeClass setup -->
  <testcase classname="com.inetbanking.Testcases.BaseClass" name="@AfterClass TearDown" time="-1.606470370126E9">
    <skipped/>
  </testcase> <!-- @AfterClass TearDown -->
  <testcase classname="com.inetbanking.Testcases.TC_Login_001" name="loginTest" time="0.0">
    <skipped/>
  </testcase> <!-- loginTest -->
  <testcase classname="com.inetbanking.Testcases.TC_AddNewCustomer_003" name="addNewCustomer" time="32.308"/>
</testsuite> <!-- BankingApp Test -->
