<?xml version="1.0" encoding="UTF-8"?>
<testng-results ignored="0" total="2" passed="1" failed="0" skipped="1">
  <reporter-output>
  </reporter-output>
  <suite started-at="2020-11-27T15:05:49 IST" name="Inetbanking_v1" finished-at="2020-11-27T15:17:10 IST" duration-ms="681824">
    <groups>
    </groups>
    <test started-at="2020-11-27T15:05:49 IST" name="BankingApp Test" finished-at="2020-11-27T15:17:10 IST" duration-ms="681824">
      <class name="com.inetbanking.Testcases.TC_Login_001">
        <test-method is-config="true" signature="setup(java.lang.String)[pri:0, instance:com.inetbanking.Testcases.TC_Login_001@4802796d]" started-at="2020-11-27T15:05:49 IST" name="setup" finished-at="2020-11-27T15:16:09 IST" duration-ms="620022" status="FAIL">
          <params>
            <param index="0">
              <value>
                <![CDATA[chrome]]>
              </value>
            </param>
          </params>
          <exception class="org.openqa.selenium.SessionNotCreatedException">
            <message>
              <![CDATA[session not created
from timeout: Timed out receiving message from renderer: 600.000
  (Session info: chrome=87.0.4280.66)
Build info: version: '3.141.59', revision: 'e82be7d358', time: '2018-11-14T08:17:03'
System info: host: 'DESKTOP-IM6IJUR', ip: '192.168.1.103', os.name: 'Windows 10', os.arch: 'amd64', os.version: '10.0', java.version: '11.0.9'
Driver info: driver.version: ChromeDriver
remote stacktrace: Backtrace:
Ordinal0 [0x012FECE3+3337443]
Ordinal0 [0x011DF041+2158657]
Ordinal0 [0x01066FA8+618408]
Ordinal0 [0x0105AE8F+568975]
Ordinal0 [0x0105A131+565553]
Ordinal0 [0x0105A525+566565]
Ordinal0 [0x01059E45+564805]
Ordinal0 [0x010635C1+603585]
Ordinal0 [0x01059E01+564737]
Ordinal0 [0x0105ABB2+568242]
Ordinal0 [0x0105A131+565553]
Ordinal0 [0x0105A525+566565]
Ordinal0 [0x01059E45+564805]
Ordinal0 [0x01061A3C+596540]
Ordinal0 [0x01059E01+564737]
Ordinal0 [0x0105ABB2+568242]
Ordinal0 [0x0105A131+565553]
Ordinal0 [0x0105A525+566565]
Ordinal0 [0x01059E45+564805]
Ordinal0 [0x0105FB72+588658]
Ordinal0 [0x01059E01+564737]
Ordinal0 [0x0105ABB2+568242]
Ordinal0 [0x0105A131+565553]
Ordinal0 [0x0105A525+566565]
Ordinal0 [0x01059E45+564805]
Ordinal0 [0x0105ED85+585093]
Ordinal0 [0x01059E01+564737]
Ordinal0 [0x0105ABB2+568242]
Ordinal0 [0x0105A131+565553]
Ordinal0 [0x0105A525+566565]
Ordinal0 [0x01059E45+564805]
Ordinal0 [0x01056486+550022]
Ordinal0 [0x01059E01+564737]
Ordinal0 [0x01059C23+564259]
Ordinal0 [0x01059A17+563735]
Ordinal0 [0x01067FD0+622544]
Ordinal0 [0x01006B2D+224045]
Ordinal0 [0x01005BFC+220156]
Ordinal0 [0x0100181B+202779]
Ordinal0 [0x00FE3D74+81268]
Ordinal0 [0x00FE4D6E+85358]
Ordinal0 [0x00FE4CF9+85241]
Ordinal0 [0x011F6F2C+2256684]
GetHandleVerifier [0x01482FAC+1478332]
GetHandleVerifier [0x01482AFD+1477133]
GetHandleVerifier [0x0148AAD8+1509864]
GetHandleVerifier [0x0148369E+1480110]
Ordinal0 [0x011ED6BD+2217661]
Ordinal0 [0x011F89AB+2263467]
Ordinal0 [0x011F8AEF+2263791]
Ordinal0 [0x0120D363+2347875]
BaseThreadInitThunk [0x77B26359+25]
RtlGetAppContainerNamedObjectPath [0x77CC8944+228]
RtlGetAppContainerNamedObjectPath [0x77CC8914+180]
]]>
            </message>
            <full-stacktrace>
              <![CDATA[org.openqa.selenium.SessionNotCreatedException: session not created
from timeout: Timed out receiving message from renderer: 600.000
  (Session info: chrome=87.0.4280.66)
Build info: version: '3.141.59', revision: 'e82be7d358', time: '2018-11-14T08:17:03'
System info: host: 'DESKTOP-IM6IJUR', ip: '192.168.1.103', os.name: 'Windows 10', os.arch: 'amd64', os.version: '10.0', java.version: '11.0.9'
Driver info: driver.version: ChromeDriver
remote stacktrace: Backtrace:
Ordinal0 [0x012FECE3+3337443]
Ordinal0 [0x011DF041+2158657]
Ordinal0 [0x01066FA8+618408]
Ordinal0 [0x0105AE8F+568975]
Ordinal0 [0x0105A131+565553]
Ordinal0 [0x0105A525+566565]
Ordinal0 [0x01059E45+564805]
Ordinal0 [0x010635C1+603585]
Ordinal0 [0x01059E01+564737]
Ordinal0 [0x0105ABB2+568242]
Ordinal0 [0x0105A131+565553]
Ordinal0 [0x0105A525+566565]
Ordinal0 [0x01059E45+564805]
Ordinal0 [0x01061A3C+596540]
Ordinal0 [0x01059E01+564737]
Ordinal0 [0x0105ABB2+568242]
Ordinal0 [0x0105A131+565553]
Ordinal0 [0x0105A525+566565]
Ordinal0 [0x01059E45+564805]
Ordinal0 [0x0105FB72+588658]
Ordinal0 [0x01059E01+564737]
Ordinal0 [0x0105ABB2+568242]
Ordinal0 [0x0105A131+565553]
Ordinal0 [0x0105A525+566565]
Ordinal0 [0x01059E45+564805]
Ordinal0 [0x0105ED85+585093]
Ordinal0 [0x01059E01+564737]
Ordinal0 [0x0105ABB2+568242]
Ordinal0 [0x0105A131+565553]
Ordinal0 [0x0105A525+566565]
Ordinal0 [0x01059E45+564805]
Ordinal0 [0x01056486+550022]
Ordinal0 [0x01059E01+564737]
Ordinal0 [0x01059C23+564259]
Ordinal0 [0x01059A17+563735]
Ordinal0 [0x01067FD0+622544]
Ordinal0 [0x01006B2D+224045]
Ordinal0 [0x01005BFC+220156]
Ordinal0 [0x0100181B+202779]
Ordinal0 [0x00FE3D74+81268]
Ordinal0 [0x00FE4D6E+85358]
Ordinal0 [0x00FE4CF9+85241]
Ordinal0 [0x011F6F2C+2256684]
GetHandleVerifier [0x01482FAC+1478332]
GetHandleVerifier [0x01482AFD+1477133]
GetHandleVerifier [0x0148AAD8+1509864]
GetHandleVerifier [0x0148369E+1480110]
Ordinal0 [0x011ED6BD+2217661]
Ordinal0 [0x011F89AB+2263467]
Ordinal0 [0x011F8AEF+2263791]
Ordinal0 [0x0120D363+2347875]
BaseThreadInitThunk [0x77B26359+25]
RtlGetAppContainerNamedObjectPath [0x77CC8944+228]
RtlGetAppContainerNamedObjectPath [0x77CC8914+180]

at java.base/jdk.internal.reflect.NativeConstructorAccessorImpl.newInstance0(Native Method)
at java.base/jdk.internal.reflect.NativeConstructorAccessorImpl.newInstance(NativeConstructorAccessorImpl.java:62)
at java.base/jdk.internal.reflect.DelegatingConstructorAccessorImpl.newInstance(DelegatingConstructorAccessorImpl.java:45)
at java.base/java.lang.reflect.Constructor.newInstance(Constructor.java:490)
at org.openqa.selenium.remote.W3CHandshakeResponse.lambda$errorHandler$0(W3CHandshakeResponse.java:62)
at org.openqa.selenium.remote.HandshakeResponse.lambda$getResponseFunction$0(HandshakeResponse.java:30)
at org.openqa.selenium.remote.ProtocolHandshake.lambda$createSession$0(ProtocolHandshake.java:126)
at java.base/java.util.stream.ReferencePipeline$3$1.accept(ReferencePipeline.java:195)
at java.base/java.util.Spliterators$ArraySpliterator.tryAdvance(Spliterators.java:958)
at java.base/java.util.stream.ReferencePipeline.forEachWithCancel(ReferencePipeline.java:127)
at java.base/java.util.stream.AbstractPipeline.copyIntoWithCancel(AbstractPipeline.java:502)
at java.base/java.util.stream.AbstractPipeline.copyInto(AbstractPipeline.java:488)
at java.base/java.util.stream.AbstractPipeline.wrapAndCopyInto(AbstractPipeline.java:474)
at java.base/java.util.stream.FindOps$FindOp.evaluateSequential(FindOps.java:150)
at java.base/java.util.stream.AbstractPipeline.evaluate(AbstractPipeline.java:234)
at java.base/java.util.stream.ReferencePipeline.findFirst(ReferencePipeline.java:543)
at org.openqa.selenium.remote.ProtocolHandshake.createSession(ProtocolHandshake.java:128)
at org.openqa.selenium.remote.ProtocolHandshake.createSession(ProtocolHandshake.java:74)
at org.openqa.selenium.remote.HttpCommandExecutor.execute(HttpCommandExecutor.java:136)
at org.openqa.selenium.remote.service.DriverCommandExecutor.execute(DriverCommandExecutor.java:83)
at org.openqa.selenium.remote.RemoteWebDriver.execute(RemoteWebDriver.java:552)
at org.openqa.selenium.remote.RemoteWebDriver.startSession(RemoteWebDriver.java:213)
at org.openqa.selenium.remote.RemoteWebDriver.<init>(RemoteWebDriver.java:131)
at org.openqa.selenium.chrome.ChromeDriver.<init>(ChromeDriver.java:181)
at org.openqa.selenium.chrome.ChromeDriver.<init>(ChromeDriver.java:168)
at org.openqa.selenium.chrome.ChromeDriver.<init>(ChromeDriver.java:123)
at com.inetbanking.Testcases.BaseClass.setup(BaseClass.java:40)
at java.base/jdk.internal.reflect.NativeMethodAccessorImpl.invoke0(Native Method)
at java.base/jdk.internal.reflect.NativeMethodAccessorImpl.invoke(NativeMethodAccessorImpl.java:62)
at java.base/jdk.internal.reflect.DelegatingMethodAccessorImpl.invoke(DelegatingMethodAccessorImpl.java:43)
at java.base/java.lang.reflect.Method.invoke(Method.java:566)
at org.testng.internal.MethodInvocationHelper.invokeMethod(MethodInvocationHelper.java:132)
at org.testng.internal.MethodInvocationHelper.invokeMethodConsideringTimeout(MethodInvocationHelper.java:61)
at org.testng.internal.ConfigInvoker.invokeConfigurationMethod(ConfigInvoker.java:366)
at org.testng.internal.ConfigInvoker.invokeConfigurations(ConfigInvoker.java:320)
at org.testng.internal.TestMethodWorker.invokeBeforeClassMethods(TestMethodWorker.java:176)
at org.testng.internal.TestMethodWorker.run(TestMethodWorker.java:122)
at java.base/java.util.ArrayList.forEach(ArrayList.java:1541)
at org.testng.TestRunner.privateRun(TestRunner.java:764)
at org.testng.TestRunner.run(TestRunner.java:585)
at org.testng.SuiteRunner.runTest(SuiteRunner.java:384)
at org.testng.SuiteRunner.runSequentially(SuiteRunner.java:378)
at org.testng.SuiteRunner.privateRun(SuiteRunner.java:337)
at org.testng.SuiteRunner.run(SuiteRunner.java:286)
at org.testng.SuiteRunnerWorker.runSuite(SuiteRunnerWorker.java:53)
at org.testng.SuiteRunnerWorker.run(SuiteRunnerWorker.java:96)
at org.testng.TestNG.runSuitesSequentially(TestNG.java:1218)
at org.testng.TestNG.runSuitesLocally(TestNG.java:1140)
at org.testng.TestNG.runSuites(TestNG.java:1069)
at org.testng.TestNG.run(TestNG.java:1037)
at org.apache.maven.surefire.testng.TestNGExecutor.run(TestNGExecutor.java:295)
at org.apache.maven.surefire.testng.TestNGXmlTestSuite.execute(TestNGXmlTestSuite.java:84)
at org.apache.maven.surefire.testng.TestNGProvider.invoke(TestNGProvider.java:90)
at org.apache.maven.surefire.booter.ForkedBooter.invokeProviderInSameClassLoader(ForkedBooter.java:203)
at org.apache.maven.surefire.booter.ForkedBooter.runSuitesInProcess(ForkedBooter.java:155)
at org.apache.maven.surefire.booter.ForkedBooter.main(ForkedBooter.java:103)
]]>
            </full-stacktrace>
          </exception> <!-- org.openqa.selenium.SessionNotCreatedException -->
          <reporter-output>
          </reporter-output>
        </test-method> <!-- setup -->
        <test-method signature="loginTest()[pri:0, instance:com.inetbanking.Testcases.TC_Login_001@4802796d]" started-at="2020-11-27T15:16:09 IST" name="loginTest" finished-at="2020-11-27T15:16:09 IST" duration-ms="0" status="SKIP">
          <exception class="org.openqa.selenium.SessionNotCreatedException">
            <message>
              <![CDATA[session not created
from timeout: Timed out receiving message from renderer: 600.000
  (Session info: chrome=87.0.4280.66)
Build info: version: '3.141.59', revision: 'e82be7d358', time: '2018-11-14T08:17:03'
System info: host: 'DESKTOP-IM6IJUR', ip: '192.168.1.103', os.name: 'Windows 10', os.arch: 'amd64', os.version: '10.0', java.version: '11.0.9'
Driver info: driver.version: ChromeDriver
remote stacktrace: Backtrace:
Ordinal0 [0x012FECE3+3337443]
Ordinal0 [0x011DF041+2158657]
Ordinal0 [0x01066FA8+618408]
Ordinal0 [0x0105AE8F+568975]
Ordinal0 [0x0105A131+565553]
Ordinal0 [0x0105A525+566565]
Ordinal0 [0x01059E45+564805]
Ordinal0 [0x010635C1+603585]
Ordinal0 [0x01059E01+564737]
Ordinal0 [0x0105ABB2+568242]
Ordinal0 [0x0105A131+565553]
Ordinal0 [0x0105A525+566565]
Ordinal0 [0x01059E45+564805]
Ordinal0 [0x01061A3C+596540]
Ordinal0 [0x01059E01+564737]
Ordinal0 [0x0105ABB2+568242]
Ordinal0 [0x0105A131+565553]
Ordinal0 [0x0105A525+566565]
Ordinal0 [0x01059E45+564805]
Ordinal0 [0x0105FB72+588658]
Ordinal0 [0x01059E01+564737]
Ordinal0 [0x0105ABB2+568242]
Ordinal0 [0x0105A131+565553]
Ordinal0 [0x0105A525+566565]
Ordinal0 [0x01059E45+564805]
Ordinal0 [0x0105ED85+585093]
Ordinal0 [0x01059E01+564737]
Ordinal0 [0x0105ABB2+568242]
Ordinal0 [0x0105A131+565553]
Ordinal0 [0x0105A525+566565]
Ordinal0 [0x01059E45+564805]
Ordinal0 [0x01056486+550022]
Ordinal0 [0x01059E01+564737]
Ordinal0 [0x01059C23+564259]
Ordinal0 [0x01059A17+563735]
Ordinal0 [0x01067FD0+622544]
Ordinal0 [0x01006B2D+224045]
Ordinal0 [0x01005BFC+220156]
Ordinal0 [0x0100181B+202779]
Ordinal0 [0x00FE3D74+81268]
Ordinal0 [0x00FE4D6E+85358]
Ordinal0 [0x00FE4CF9+85241]
Ordinal0 [0x011F6F2C+2256684]
GetHandleVerifier [0x01482FAC+1478332]
GetHandleVerifier [0x01482AFD+1477133]
GetHandleVerifier [0x0148AAD8+1509864]
GetHandleVerifier [0x0148369E+1480110]
Ordinal0 [0x011ED6BD+2217661]
Ordinal0 [0x011F89AB+2263467]
Ordinal0 [0x011F8AEF+2263791]
Ordinal0 [0x0120D363+2347875]
BaseThreadInitThunk [0x77B26359+25]
RtlGetAppContainerNamedObjectPath [0x77CC8944+228]
RtlGetAppContainerNamedObjectPath [0x77CC8914+180]
]]>
            </message>
            <full-stacktrace>
              <![CDATA[org.openqa.selenium.SessionNotCreatedException: session not created
from timeout: Timed out receiving message from renderer: 600.000
  (Session info: chrome=87.0.4280.66)
Build info: version: '3.141.59', revision: 'e82be7d358', time: '2018-11-14T08:17:03'
System info: host: 'DESKTOP-IM6IJUR', ip: '192.168.1.103', os.name: 'Windows 10', os.arch: 'amd64', os.version: '10.0', java.version: '11.0.9'
Driver info: driver.version: ChromeDriver
remote stacktrace: Backtrace:
Ordinal0 [0x012FECE3+3337443]
Ordinal0 [0x011DF041+2158657]
Ordinal0 [0x01066FA8+618408]
Ordinal0 [0x0105AE8F+568975]
Ordinal0 [0x0105A131+565553]
Ordinal0 [0x0105A525+566565]
Ordinal0 [0x01059E45+564805]
Ordinal0 [0x010635C1+603585]
Ordinal0 [0x01059E01+564737]
Ordinal0 [0x0105ABB2+568242]
Ordinal0 [0x0105A131+565553]
Ordinal0 [0x0105A525+566565]
Ordinal0 [0x01059E45+564805]
Ordinal0 [0x01061A3C+596540]
Ordinal0 [0x01059E01+564737]
Ordinal0 [0x0105ABB2+568242]
Ordinal0 [0x0105A131+565553]
Ordinal0 [0x0105A525+566565]
Ordinal0 [0x01059E45+564805]
Ordinal0 [0x0105FB72+588658]
Ordinal0 [0x01059E01+564737]
Ordinal0 [0x0105ABB2+568242]
Ordinal0 [0x0105A131+565553]
Ordinal0 [0x0105A525+566565]
Ordinal0 [0x01059E45+564805]
Ordinal0 [0x0105ED85+585093]
Ordinal0 [0x01059E01+564737]
Ordinal0 [0x0105ABB2+568242]
Ordinal0 [0x0105A131+565553]
Ordinal0 [0x0105A525+566565]
Ordinal0 [0x01059E45+564805]
Ordinal0 [0x01056486+550022]
Ordinal0 [0x01059E01+564737]
Ordinal0 [0x01059C23+564259]
Ordinal0 [0x01059A17+563735]
Ordinal0 [0x01067FD0+622544]
Ordinal0 [0x01006B2D+224045]
Ordinal0 [0x01005BFC+220156]
Ordinal0 [0x0100181B+202779]
Ordinal0 [0x00FE3D74+81268]
Ordinal0 [0x00FE4D6E+85358]
Ordinal0 [0x00FE4CF9+85241]
Ordinal0 [0x011F6F2C+2256684]
GetHandleVerifier [0x01482FAC+1478332]
GetHandleVerifier [0x01482AFD+1477133]
GetHandleVerifier [0x0148AAD8+1509864]
GetHandleVerifier [0x0148369E+1480110]
Ordinal0 [0x011ED6BD+2217661]
Ordinal0 [0x011F89AB+2263467]
Ordinal0 [0x011F8AEF+2263791]
Ordinal0 [0x0120D363+2347875]
BaseThreadInitThunk [0x77B26359+25]
RtlGetAppContainerNamedObjectPath [0x77CC8944+228]
RtlGetAppContainerNamedObjectPath [0x77CC8914+180]

at java.base/jdk.internal.reflect.NativeConstructorAccessorImpl.newInstance0(Native Method)
at java.base/jdk.internal.reflect.NativeConstructorAccessorImpl.newInstance(NativeConstructorAccessorImpl.java:62)
at java.base/jdk.internal.reflect.DelegatingConstructorAccessorImpl.newInstance(DelegatingConstructorAccessorImpl.java:45)
at java.base/java.lang.reflect.Constructor.newInstance(Constructor.java:490)
at org.openqa.selenium.remote.W3CHandshakeResponse.lambda$errorHandler$0(W3CHandshakeResponse.java:62)
at org.openqa.selenium.remote.HandshakeResponse.lambda$getResponseFunction$0(HandshakeResponse.java:30)
at org.openqa.selenium.remote.ProtocolHandshake.lambda$createSession$0(ProtocolHandshake.java:126)
at java.base/java.util.stream.ReferencePipeline$3$1.accept(ReferencePipeline.java:195)
at java.base/java.util.Spliterators$ArraySpliterator.tryAdvance(Spliterators.java:958)
at java.base/java.util.stream.ReferencePipeline.forEachWithCancel(ReferencePipeline.java:127)
at java.base/java.util.stream.AbstractPipeline.copyIntoWithCancel(AbstractPipeline.java:502)
at java.base/java.util.stream.AbstractPipeline.copyInto(AbstractPipeline.java:488)
at java.base/java.util.stream.AbstractPipeline.wrapAndCopyInto(AbstractPipeline.java:474)
at java.base/java.util.stream.FindOps$FindOp.evaluateSequential(FindOps.java:150)
at java.base/java.util.stream.AbstractPipeline.evaluate(AbstractPipeline.java:234)
at java.base/java.util.stream.ReferencePipeline.findFirst(ReferencePipeline.java:543)
at org.openqa.selenium.remote.ProtocolHandshake.createSession(ProtocolHandshake.java:128)
at org.openqa.selenium.remote.ProtocolHandshake.createSession(ProtocolHandshake.java:74)
at org.openqa.selenium.remote.HttpCommandExecutor.execute(HttpCommandExecutor.java:136)
at org.openqa.selenium.remote.service.DriverCommandExecutor.execute(DriverCommandExecutor.java:83)
at org.openqa.selenium.remote.RemoteWebDriver.execute(RemoteWebDriver.java:552)
at org.openqa.selenium.remote.RemoteWebDriver.startSession(RemoteWebDriver.java:213)
at org.openqa.selenium.remote.RemoteWebDriver.<init>(RemoteWebDriver.java:131)
at org.openqa.selenium.chrome.ChromeDriver.<init>(ChromeDriver.java:181)
at org.openqa.selenium.chrome.ChromeDriver.<init>(ChromeDriver.java:168)
at org.openqa.selenium.chrome.ChromeDriver.<init>(ChromeDriver.java:123)
at com.inetbanking.Testcases.BaseClass.setup(BaseClass.java:40)
at java.base/jdk.internal.reflect.NativeMethodAccessorImpl.invoke0(Native Method)
at java.base/jdk.internal.reflect.NativeMethodAccessorImpl.invoke(NativeMethodAccessorImpl.java:62)
at java.base/jdk.internal.reflect.DelegatingMethodAccessorImpl.invoke(DelegatingMethodAccessorImpl.java:43)
at java.base/java.lang.reflect.Method.invoke(Method.java:566)
at org.testng.internal.MethodInvocationHelper.invokeMethod(MethodInvocationHelper.java:132)
at org.testng.internal.MethodInvocationHelper.invokeMethodConsideringTimeout(MethodInvocationHelper.java:61)
at org.testng.internal.ConfigInvoker.invokeConfigurationMethod(ConfigInvoker.java:366)
at org.testng.internal.ConfigInvoker.invokeConfigurations(ConfigInvoker.java:320)
at org.testng.internal.TestMethodWorker.invokeBeforeClassMethods(TestMethodWorker.java:176)
at org.testng.internal.TestMethodWorker.run(TestMethodWorker.java:122)
at java.base/java.util.ArrayList.forEach(ArrayList.java:1541)
at org.testng.TestRunner.privateRun(TestRunner.java:764)
at org.testng.TestRunner.run(TestRunner.java:585)
at org.testng.SuiteRunner.runTest(SuiteRunner.java:384)
at org.testng.SuiteRunner.runSequentially(SuiteRunner.java:378)
at org.testng.SuiteRunner.privateRun(SuiteRunner.java:337)
at org.testng.SuiteRunner.run(SuiteRunner.java:286)
at org.testng.SuiteRunnerWorker.runSuite(SuiteRunnerWorker.java:53)
at org.testng.SuiteRunnerWorker.run(SuiteRunnerWorker.java:96)
at org.testng.TestNG.runSuitesSequentially(TestNG.java:1218)
at org.testng.TestNG.runSuitesLocally(TestNG.java:1140)
at org.testng.TestNG.runSuites(TestNG.java:1069)
at org.testng.TestNG.run(TestNG.java:1037)
at org.apache.maven.surefire.testng.TestNGExecutor.run(TestNGExecutor.java:295)
at org.apache.maven.surefire.testng.TestNGXmlTestSuite.execute(TestNGXmlTestSuite.java:84)
at org.apache.maven.surefire.testng.TestNGProvider.invoke(TestNGProvider.java:90)
at org.apache.maven.surefire.booter.ForkedBooter.invokeProviderInSameClassLoader(ForkedBooter.java:203)
at org.apache.maven.surefire.booter.ForkedBooter.runSuitesInProcess(ForkedBooter.java:155)
at org.apache.maven.surefire.booter.ForkedBooter.main(ForkedBooter.java:103)
]]>
            </full-stacktrace>
          </exception> <!-- org.openqa.selenium.SessionNotCreatedException -->
          <reporter-output>
          </reporter-output>
        </test-method> <!-- loginTest -->
        <test-method is-config="true" signature="TearDown()[pri:0, instance:com.inetbanking.Testcases.TC_Login_001@4802796d]" started-at="2020-11-27T15:16:10 IST" name="TearDown" finished-at="1970-01-01T05:30:00 IST" duration-ms="-1606470370126" status="SKIP">
          <reporter-output>
          </reporter-output>
        </test-method> <!-- TearDown -->
      </class> <!-- com.inetbanking.Testcases.TC_Login_001 -->
      <class name="com.inetbanking.Testcases.TC_AddNewCustomer_003">
        <test-method is-config="true" signature="setup(java.lang.String)[pri:0, instance:com.inetbanking.Testcases.TC_AddNewCustomer_003@34123d65]" started-at="2020-11-27T15:16:10 IST" name="setup" finished-at="2020-11-27T15:16:37 IST" duration-ms="27418" status="PASS">
          <params>
            <param index="0">
              <value>
                <![CDATA[chrome]]>
              </value>
            </param>
          </params>
          <reporter-output>
          </reporter-output>
        </test-method> <!-- setup -->
        <test-method signature="addNewCustomer()[pri:0, instance:com.inetbanking.Testcases.TC_AddNewCustomer_003@34123d65]" started-at="2020-11-27T15:16:37 IST" name="addNewCustomer" finished-at="2020-11-27T15:17:09 IST" duration-ms="32308" status="PASS">
          <reporter-output>
          </reporter-output>
        </test-method> <!-- addNewCustomer -->
        <test-method is-config="true" signature="TearDown()[pri:0, instance:com.inetbanking.Testcases.TC_AddNewCustomer_003@34123d65]" started-at="2020-11-27T15:17:09 IST" name="TearDown" finished-at="2020-11-27T15:17:10 IST" duration-ms="1116" status="PASS">
          <reporter-output>
          </reporter-output>
        </test-method> <!-- TearDown -->
      </class> <!-- com.inetbanking.Testcases.TC_AddNewCustomer_003 -->
    </test> <!-- BankingApp Test -->
  </suite> <!-- Inetbanking_v1 -->
</testng-results>
